  Assembling Generation.asm...
Generation.asm(1): error A2008: syntax error : .
Generation.asm(2): error A2008: syntax error : .
Generation.asm(7): error A2008: syntax error : .
Generation.asm(37): error A2070: invalid instruction operands
Generation.asm(40): error A2070: invalid instruction operands
Generation.asm(42): error A2070: invalid instruction operands
Generation.asm(52): error A2070: invalid instruction operands
Generation.asm(56): error A2070: invalid instruction operands
Generation.asm(59): error A2070: invalid instruction operands
Generation.asm(60): error A2070: invalid instruction operands
Generation.asm(61): error A2070: invalid instruction operands
Generation.asm(62): error A2070: invalid instruction operands
Generation.asm(65): error A2070: invalid instruction operands
Generation.asm(67): error A2070: invalid instruction operands
Generation.asm(75): error A2070: invalid instruction operands
Generation.asm(79): error A2070: invalid instruction operands
Generation.asm(83): error A2070: invalid instruction operands
Generation.asm(86): error A2070: invalid instruction operands
Generation.asm(92): error A2008: syntax error : main
Generation.asm(92): error A2088: END directive required at end of file
C:\Program Files\Microsoft Visual Studio\2022\Community\MSBuild\Microsoft\VC\v170\BuildCustomizations\masm.targets(70,5): error MSB3721: выход из команды "ml64.exe /c /nologo /Zi /Fo"x64\Debug\Generation.obj" /W3 /errorReport:prompt  /TaGeneration.asm" с кодом "1".
